<?xml version="1.0" encoding="UTF-8"?>
<!-- Generated by org.testng.reporters.JUnitReportReporter -->
<testsuite skipped="0" hostname="Ilkhomdzhons-MacBook-Air.local" name="com.syntax.hw.TestNGExample" tests="1" failures="0" timestamp="2020-05-18T22:02:37 EDT" time="0.030" errors="0">
  <testcase name="testPrintMessage" time="0.030" classname="com.syntax.hw.TestNGExample"/>
  <system-out/>
</testsuite> <!-- com.syntax.hw.TestNGExample -->
