<?xml version="1.0" encoding="UTF-8"?>
<!-- Generated by org.testng.reporters.JUnitReportReporter -->
<testsuite skipped="0" hostname="Ilkhomdzhons-MacBook-Air.local" name="com.class01.TestNGDemo" tests="3" failures="0" timestamp="2020-06-02T02:03:12 EDT" time="0.043" errors="0">
  <testcase name="testOne" time="0.017" classname="com.class01.TestNGDemo"/>
  <system-out/>
  <testcase name="testThree" time="0.003" classname="com.class01.TestNGDemo"/>
  <system-out/>
  <testcase name="testTwo" time="0.023" classname="com.class01.TestNGDemo"/>
  <system-out/>
</testsuite> <!-- com.class01.TestNGDemo -->
